<?xml version="1.0" encoding="UTF-8"?>
<!-- Generated by org.testng.reporters.JUnitXMLReporter -->
<testsuite ignored="0" hostname="TYSS-Chaithra" failures="0" tests="1" name="Test-runner-firefox" time="69.764" errors="0" timestamp="2023-08-31T15:10:48 IST">
  <testcase classname="vtiger.ContactTests.CreateContactWithOrganizationTest" name="createContactWithOrgTest" time="49.706"/>
</testsuite> <!-- Test-runner-firefox -->
