<?xml version="1.0" encoding="UTF-8"?>
<!-- Generated by org.testng.reporters.JUnitXMLReporter -->
<testsuite ignored="0" hostname="TYSS-Chaithra" failures="0" tests="1" name="Test-Runner-2" time="72.738" errors="0" timestamp="2023-08-31T14:38:27 IST">
  <testcase classname="vtiger.ContactTests.CreateContactWithOrganizationTest" name="createContactWithOrgTest" time="50.883"/>
</testsuite> <!-- Test-Runner-2 -->
