<?xml version="1.0" encoding="UTF-8"?>
<!-- Generated by org.testng.reporters.JUnitXMLReporter -->
<testsuite ignored="0" hostname="TYSS-Chaithra" failures="0" tests="1" name="Test-runner-chrome" time="68.745" errors="0" timestamp="2023-08-31T15:10:47 IST">
  <testcase classname="vtiger.ContactTests.CreateContactWithOrganizationTest" name="createContactWithOrgTest" time="50.128"/>
</testsuite> <!-- Test-runner-chrome -->
