<?xml version="1.0" encoding="UTF-8"?>
<!-- Generated by org.testng.reporters.JUnitReportReporter -->
<testsuite hostname="TYSS-Chaithra" failures="0" tests="3" name="vtiger.Practice.TestNGPractice" time="0.006" errors="0" timestamp="2023-08-22T14:48:10 IST" skipped="0">
  <testcase classname="vtiger.Practice.TestNGPractice" name="deleteCustomer" time="0.001"/>
  <system-out/>
  <testcase classname="vtiger.Practice.TestNGPractice" name="createCustomer" time="0.005"/>
  <system-out/>
  <testcase classname="vtiger.Practice.TestNGPractice" name="modifyCustomer" time="0.000"/>
  <system-out/>
</testsuite> <!-- vtiger.Practice.TestNGPractice -->
