<?xml version="1.0" encoding="UTF-8"?>
<!-- Generated by org.testng.reporters.JUnitReportReporter -->
<testsuite hostname="TYSS-Chaithra" failures="0" tests="6" name="vtiger.Practice.DataProviderPractice" time="0.022" errors="0" timestamp="2023-08-23T14:31:54 IST" skipped="0">
  <testcase classname="vtiger.Practice.DataProviderPractice" name="addProductToCart" time="0.013"/>
  <system-out/>
  <testcase classname="vtiger.Practice.DataProviderPractice" name="addProductToCart" time="0.003"/>
  <system-out/>
  <testcase classname="vtiger.Practice.DataProviderPractice" name="addProductToCart1" time="0.003"/>
  <system-out/>
  <testcase classname="vtiger.Practice.DataProviderPractice" name="addProductToCart1" time="0.001"/>
  <system-out/>
  <testcase classname="vtiger.Practice.DataProviderPractice" name="addProductToCart1" time="0.001"/>
  <system-out/>
  <testcase classname="vtiger.Practice.DataProviderPractice" name="addProductToCart1" time="0.001"/>
  <system-out/>
</testsuite> <!-- vtiger.Practice.DataProviderPractice -->
